#-----------------------------------------------------------
# Vivado v2018.3 (64-bit)
# SW Build 2405991 on Thu Dec  6 23:38:27 MST 2018
# IP Build 2404404 on Fri Dec  7 01:43:56 MST 2018
# Start of session at: Fri Jan 12 23:44:58 2024
# Process ID: 17488
# Current directory: C:/Users/Vasile/Desktop/projectFLAG
# Command line: vivado.exe -gui_launcher_event rodinguilauncherevent12860 C:\Users\Vasile\Desktop\projectFLAG\projectFLAG.xpr
# Log file: C:/Users/Vasile/Desktop/projectFLAG/vivado.log
# Journal file: C:/Users/Vasile/Desktop/projectFLAG\vivado.jou
#-----------------------------------------------------------
start_gui
open_project C:/Users/Vasile/Desktop/projectFLAG/projectFLAG.xpr
Scanning sources...
Finished scanning sources
INFO: [IP_Flow 19-234] Refreshing IP repositories
INFO: [IP_Flow 19-1704] No user IP repositories specified
INFO: [IP_Flow 19-2313] Loaded Vivado IP repository 'D:/Programe/VivadoXlinx/Vivado/2018.3/data/ip'.
open_project: Time (s): cpu = 00:00:12 ; elapsed = 00:00:05 . Memory (MB): peak = 778.449 ; gain = 142.141
update_compile_order -fileset sources_1
open_hw
connect_hw_server
INFO: [Labtools 27-2285] Connecting to hw_server url TCP:localhost:3121
INFO: [Labtools 27-2222] Launching hw_server...
INFO: [Labtools 27-2221] Launch Output:

****** Xilinx hw_server v2018.3
  **** Build date : Dec  7 2018-00:40:27
    ** Copyright 1986-2018 Xilinx, Inc. All Rights Reserved.


open_hw_target
INFO: [Labtoolstcl 44-466] Opening hw_target localhost:3121/xilinx_tcf/Digilent/210183A2818CA
set_property PROGRAM.FILE {C:/Users/Vasile/Desktop/projectFLAG/projectFLAG.runs/impl_1/timer_v1.bit} [get_hw_devices xc7a35t_0]
current_hw_device [get_hw_devices xc7a35t_0]
refresh_hw_device -update_hw_probes false [lindex [get_hw_devices xc7a35t_0] 0]
INFO: [Labtools 27-1434] Device xc7a35t (JTAG device index = 0) is programmed with a design that has no supported debug core(s) in it.
reset_run synth_1
launch_runs synth_1 -jobs 6
[Fri Jan 12 23:45:40 2024] Launched synth_1...
Run output will be captured here: C:/Users/Vasile/Desktop/projectFLAG/projectFLAG.runs/synth_1/runme.log
launch_runs impl_1 -jobs 6
[Fri Jan 12 23:46:13 2024] Launched impl_1...
Run output will be captured here: C:/Users/Vasile/Desktop/projectFLAG/projectFLAG.runs/impl_1/runme.log
launch_runs impl_1 -to_step write_bitstream -jobs 6
[Fri Jan 12 23:47:13 2024] Launched impl_1...
Run output will be captured here: C:/Users/Vasile/Desktop/projectFLAG/projectFLAG.runs/impl_1/runme.log
set_property PROBES.FILE {} [get_hw_devices xc7a35t_0]
set_property FULL_PROBES.FILE {} [get_hw_devices xc7a35t_0]
set_property PROGRAM.FILE {C:/Users/Vasile/Desktop/projectFLAG/projectFLAG.runs/impl_1/timer_v1.bit} [get_hw_devices xc7a35t_0]
program_hw_devices [get_hw_devices xc7a35t_0]
INFO: [Labtools 27-3164] End of startup status: HIGH
refresh_hw_device [lindex [get_hw_devices xc7a35t_0] 0]
INFO: [Labtools 27-1434] Device xc7a35t (JTAG device index = 0) is programmed with a design that has no supported debug core(s) in it.
ERROR: [Labtoolstcl 44-513] HW Target shutdown. Closing target: localhost:3121/xilinx_tcf/Digilent/210183A2818CA
exit
INFO: [Common 17-206] Exiting Vivado at Sat Jan 13 01:15:43 2024...
